Information: Propagating switching activity (low effort zero delay simulation). (PWR-6)
Warning: Design has unannotated primary inputs. (PWR-414)
Warning: Design has unannotated sequential cell outputs. (PWR-415)
Warning: Design has unannotated black box outputs. (PWR-428)
 
****************************************
Report : power
        -analysis_effort low
Design : top
Version: T-2022.03-SP3
Date   : Fri Dec  6 17:23:42 2024
****************************************


Library(s) Used:

    saed32rvt_tt1p05v25c (File: /afs/umich.edu/class/eecs598-002/SAED32/SAED32_EDK/lib/stdcell_rvt/db_ccs/saed32rvt_tt1p05v25c.db)
    SRAM_typ_1d05_25_ccs (File: /home/wenjieg/Desktop/class/WinoCNN/syn/memory/db/SRAM_typ_1d05_25_ccs.db)


Operating Conditions: tt1p05v25c   Library: saed32rvt_tt1p05v25c
Wire Load Model Mode: enclosed

Design        Wire Load Model            Library
------------------------------------------------
top                    540000            saed32rvt_tt1p05v25c


Global Operating Voltage = 1.05 
Power-specific unit information :
    Voltage Units = 1V
    Capacitance Units = 1.000000ff
    Time Units = 1ns
    Dynamic Power Units = 1uW    (derived from V,C,T units)
    Leakage Power Units = 1pW


Attributes
----------
i - Including register clock pin internal power


  Cell Internal Power  =   9.4298 mW   (26%)
  Net Switching Power  =  27.1098 mW   (74%)
                         ---------
Total Dynamic Power    =  36.5397 mW  (100%)

Cell Leakage Power     = 245.2074 mW


                 Internal         Switching           Leakage            Total
Power Group      Power            Power               Power              Power   (   %    )  Attrs
--------------------------------------------------------------------------------------------------
io_pad             0.0000            0.0000            0.0000            0.0000  (   0.00%)
memory         7.9908e+03           71.0408        2.3411e+11        2.4218e+05  (  85.96%)
black_box          0.0000            0.0000            0.0000            0.0000  (   0.00%)
clock_network      5.9026            0.1593        6.3183e+04            6.1251  (   0.00%)  i
register       3.4290e-02            3.5550        1.0971e+06            4.6864  (   0.00%)
sequential       379.9683          155.8406        2.2805e+09        2.8163e+03  (   1.00%)
combinational  1.0531e+03        2.6877e+04        8.8110e+09        3.6738e+04  (  13.04%)
--------------------------------------------------------------------------------------------------
Total          9.4298e+03 uW     2.7108e+04 uW     2.4521e+11 pW     2.8174e+05 uW
1
