 
****************************************
Report : net fanout
        -high_fanout
Design : top
Version: T-2022.03-SP3
Date   : Fri Dec  6 17:23:34 2024
****************************************


Operating Conditions: tt1p05v25c   Library: saed32rvt_tt1p05v25c
Wire Load Model Mode: enclosed

Design        Wire Load Model            Library
------------------------------------------------
top                    540000            saed32rvt_tt1p05v25c


Attributes:
   dr - drc disabled
    c - annotated capacitance
    d - dont_touch
    i - ideal_net
    I - ideal_network
    p - includes pin load
    r - annotated resistance
    h - high fanout

Net                 Fanout   Attributes   Capacitance   Driver
--------------------------------------------------------------------------------
n23620                1221   h            1001046.88    U21077/Y
n23628                 673                 1349.78      U22655/Y
1
